[2025-04-07 00:40:48] EURUSD ❌ Blocked – ATR too high for major (0.00506)
[2025-04-07 00:40:49] GBPUSD ❌ Blocked – ATR too high for major (0.00448)
[2025-04-07 00:40:51] USDJPY ❌ Blocked – ATR too high for JPY (0.6823)
[2025-04-07 00:40:52] USDCHF Skipped – manually disabled.
[2025-04-07 00:40:53] USDCAD ❌ Blocked – ATR too high for major (0.00428)
[2025-04-07 00:40:55] AUDUSD ❌ Blocked – ATR too high for major (0.00481)
[2025-04-07 00:40:57] NZDUSD ❌ Blocked – ATR too high for major (0.00345)
[2025-04-07 00:40:59] XAUUSD ❌ Blocked – ATR too high for gold (22.50)
[2025-04-07 00:40:59] EURGBP ❌ Blocked – ATR too high for major (0.00231)
[2025-04-07 00:40:59] EURJPY ❌ Blocked – ATR too high for JPY (0.8112)
[2025-04-07 00:40:59] EURCHF ❌ Blocked – ATR too high for major (0.00340)
[2025-04-07 00:40:59] EURAUD Skipped – manually disabled.
[2025-04-07 00:40:59] EURNZD Skipped – manually disabled.
[2025-04-07 00:40:59] GBPJPY ❌ Blocked – ATR too high for JPY (0.9946)
[2025-04-07 00:40:59] GBPCHF Skipped – manually disabled.
[2025-04-07 00:40:59] GBPAUD Skipped – manually disabled.
[2025-04-07 00:40:59] GBPNZD Skipped – manually disabled.
[2025-04-07 00:40:59] AUDJPY Skipped – manually disabled.
[2025-04-07 00:40:59] AUDCHF Skipped – manually disabled.
[2025-04-07 00:40:59] AUDNZD Skipped – manually disabled.
[2025-04-07 00:40:59] CADJPY ❌ Blocked – ATR too high for JPY (0.5719)
[2025-04-07 00:41:00] CHFJPY ❌ Blocked – ATR too high for JPY (0.6394)
[2025-04-07 00:41:00] NZDJPY ❌ Blocked – ATR too high for JPY (0.6696)
[2025-04-07 00:41:00] NZDCHF Skipped – manually disabled.
